Watching for file changes with StatReloader
D:\New folder\Asset_manage\asset_manager\assets\views.py changed, reloading.
Watching for file changes with StatReloader
D:\New folder\Asset_manage\asset_manager\assets\views.py changed, reloading.
Watching for file changes with StatReloader
D:\New folder\Asset_manage\asset_manager\assets\views.py changed, reloading.
Watching for file changes with StatReloader
D:\New folder\Asset_manage\asset_manager\asset_manager\settings.py changed, reloading.
[2025-06-25 18:38:21,504] INFO [django.utils.autoreload] Watching for file changes with StatReloader
[2025-06-25 18:39:27,974] INFO [django.utils.autoreload] D:\New folder\Asset_manage\asset_manager\assets\views.py changed, reloading.
[2025-06-25 18:39:29,199] INFO [django.utils.autoreload] Watching for file changes with StatReloader
[2025-06-25 18:40:36,893] INFO [django.server] "GET /swagger/ HTTP/1.1" 200 2220
[2025-06-25 18:40:36,995] INFO [django.server] "GET /static/drf-yasg/style.css HTTP/1.1" 304 0
[2025-06-25 18:40:37,008] INFO [django.server] "GET /static/drf-yasg/swagger-ui-dist/swagger-ui.css HTTP/1.1" 304 0
[2025-06-25 18:40:37,021] INFO [django.server] "GET /static/drf-yasg/swagger-ui-dist/swagger-ui-bundle.js HTTP/1.1" 304 0
[2025-06-25 18:40:37,056] INFO [django.server] "GET /static/drf-yasg/swagger-ui-dist/swagger-ui-standalone-preset.js HTTP/1.1" 304 0
[2025-06-25 18:40:37,065] INFO [django.server] "GET /static/drf-yasg/insQ.min.js HTTP/1.1" 304 0
[2025-06-25 18:40:37,065] INFO [django.server] "GET /static/drf-yasg/immutable.min.js HTTP/1.1" 304 0
[2025-06-25 18:40:37,068] INFO [django.server] "GET /static/drf-yasg/swagger-ui-init.js HTTP/1.1" 304 0
[2025-06-25 18:40:37,332] INFO [django.server] "GET /swagger/?format=openapi HTTP/1.1" 200 3101
[2025-06-25 18:40:37,333] INFO [django.server] "GET /static/drf-yasg/swagger-ui-dist/favicon-32x32.png HTTP/1.1" 304 0
[2025-06-25 18:40:48,160] INFO [django.server] "GET /api/assets/ HTTP/1.1" 200 2
[2025-06-25 18:59:59,080] INFO [django.utils.autoreload] Watching for file changes with StatReloader
